# JRE version: OpenJDK Runtime Environment Temurin-19.0.2+7 (19.0.2+7) (build 19.0.2+7)
# Java VM: OpenJDK 64-Bit Server VM Temurin-19.0.2+7 (19.0.2+7, mixed mode, sharing, tiered, compressed oops, compressed class ptrs, g1 gc, windows-amd64)
GC Precious Log:
 CardTable entry size: 512
 Card Set container configuration: InlinePtr #cards 5 size 8 Array Of Cards #cards 12 size 40 Howl #buckets 4 coarsen threshold 1843 Howl Bitmap #cards 512 size 80 coarsen threshold 460 Card regions per heap region 1 cards per card region 2048
 CPUs: 8 total, 8 available
 Memory: 7930M
 Large Page Support: Disabled
 NUMA Support: Disabled
 Compressed Oops: Enabled (32-bit)
 Heap Region Size: 1M
 Heap Min Capacity: 8M
 Heap Initial Capacity: 124M
 Heap Max Capacity: 1G
 Pre-touch: Disabled
 Parallel Workers: 8
 Concurrent Workers: 2
 Concurrent Refinement Workers: 8
 Periodic GC: Disabled
 String Deduplication is enabled
Heap:
 garbage-first heap   total 106496K, used 62600K [0x00000000c0000000, 0x0000000100000000)
  region size 1024K, 33 young (33792K), 7 survivors (7168K)
 Metaspace       used 24742K, committed 25600K, reserved 1114112K
  class space    used 2503K, committed 2880K, reserved 1048576K
GC Heap History (20 events):
Event: 3.402 GC heap before
{Heap before GC invocations=1 (full 0):
 garbage-first heap   total 126976K, used 33638K [0x00000000c0000000, 0x0000000100000000)
  region size 1024K, 33 young (33792K), 3 survivors (3072K)
 Metaspace       used 13538K, committed 14016K, reserved 1114112K
  class space    used 1352K, committed 1536K, reserved 1048576K
}
Event: 3.415 GC heap after
{Heap after GC invocations=2 (full 0):
 garbage-first heap   total 126976K, used 15589K [0x00000000c0000000, 0x0000000100000000)
  region size 1024K, 5 young (5120K), 5 survivors (5120K)
 Metaspace       used 13538K, committed 14016K, reserved 1114112K
  class space    used 1352K, committed 1536K, reserved 1048576K
}
Event: 5.949 GC heap before
{Heap before GC invocations=2 (full 0):
 garbage-first heap   total 126976K, used 103653K [0x00000000c0000000, 0x0000000100000000)
  region size 1024K, 70 young (71680K), 5 survivors (5120K)
 Metaspace       used 19693K, committed 20416K, reserved 1114112K
  class space    used 2055K, committed 2368K, reserved 1048576K
}
Event: 5.966 GC heap after
{Heap after GC invocations=3 (full 0):
 garbage-first heap   total 126976K, used 24936K [0x00000000c0000000, 0x0000000100000000)
  region size 1024K, 9 young (9216K), 9 survivors (9216K)
 Metaspace       used 19693K, committed 20416K, reserved 1114112K
  class space    used 2055K, committed 2368K, reserved 1048576K
}
Event: 8.094 GC heap before
{Heap before GC invocations=3 (full 0):
 garbage-first heap   total 126976K, used 75112K [0x00000000c0000000, 0x0000000100000000)
  region size 1024K, 58 young (59392K), 9 survivors (9216K)
 Metaspace       used 20060K, committed 20800K, reserved 1114112K
  class space    used 2083K, committed 2432K, reserved 1048576K
}
Event: 8.105 GC heap after
{Heap after GC invocations=4 (full 0):
 garbage-first heap   total 126976K, used 27596K [0x00000000c0000000, 0x0000000100000000)
  region size 1024K, 4 young (4096K), 4 survivors (4096K)
 Metaspace       used 20060K, committed 20800K, reserved 1114112K
  class space    used 2083K, committed 2432K, reserved 1048576K
}
Event: 8.762 GC heap before
{Heap before GC invocations=4 (full 0):
 garbage-first heap   total 126976K, used 43980K [0x00000000c0000000, 0x0000000100000000)
  region size 1024K, 21 young (21504K), 4 survivors (4096K)
 Metaspace       used 20859K, committed 21504K, reserved 1114112K
  class space    used 2183K, committed 2496K, reserved 1048576K
}
Event: 8.771 GC heap after
{Heap after GC invocations=5 (full 0):
 garbage-first heap   total 126976K, used 29466K [0x00000000c0000000, 0x0000000100000000)
  region size 1024K, 6 young (6144K), 6 survivors (6144K)
 Metaspace       used 20859K, committed 21504K, reserved 1114112K
  class space    used 2183K, committed 2496K, reserved 1048576K
}
Event: 11.519 GC heap before
{Heap before GC invocations=6 (full 0):
 garbage-first heap   total 106496K, used 86810K [0x00000000c0000000, 0x0000000100000000)
  region size 1024K, 62 young (63488K), 6 survivors (6144K)
 Metaspace       used 21179K, committed 21952K, reserved 1114112K
  class space    used 2221K, committed 2560K, reserved 1048576K
}
Event: 11.530 GC heap after
{Heap after GC invocations=7 (full 0):
 garbage-first heap   total 106496K, used 30337K [0x00000000c0000000, 0x0000000100000000)
  region size 1024K, 6 young (6144K), 6 survivors (6144K)
 Metaspace       used 21179K, committed 21952K, reserved 1114112K
  class space    used 2221K, committed 2560K, reserved 1048576K
}
Event: 11.603 GC heap before
{Heap before GC invocations=7 (full 0):
 garbage-first heap   total 106496K, used 31361K [0x00000000c0000000, 0x0000000100000000)
  region size 1024K, 7 young (7168K), 6 survivors (6144K)
 Metaspace       used 21179K, committed 21952K, reserved 1114112K
  class space    used 2221K, committed 2560K, reserved 1048576K
}
Event: 11.615 GC heap after
{Heap after GC invocations=8 (full 0):
 garbage-first heap   total 106496K, used 29725K [0x00000000c0000000, 0x0000000100000000)
  region size 1024K, 1 young (1024K), 1 survivors (1024K)
 Metaspace       used 21179K, committed 21952K, reserved 1114112K
  class space    used 2221K, committed 2560K, reserved 1048576K
}
Event: 14.165 GC heap before
{Heap before GC invocations=8 (full 0):
 garbage-first heap   total 106496K, used 74781K [0x00000000c0000000, 0x0000000100000000)
  region size 1024K, 45 young (46080K), 1 survivors (1024K)
 Metaspace       used 21179K, committed 21952K, reserved 1114112K
  class space    used 2221K, committed 2560K, reserved 1048576K
}
Event: 14.170 GC heap after
{Heap after GC invocations=9 (full 0):
 garbage-first heap   total 106496K, used 32237K [0x00000000c0000000, 0x0000000100000000)
  region size 1024K, 4 young (4096K), 4 survivors (4096K)
 Metaspace       used 21179K, committed 21952K, reserved 1114112K
  class space    used 2221K, committed 2560K, reserved 1048576K
}
Event: 16.795 GC heap before
{Heap before GC invocations=9 (full 0):
 garbage-first heap   total 106496K, used 77293K [0x00000000c0000000, 0x0000000100000000)
  region size 1024K, 48 young (49152K), 4 survivors (4096K)
 Metaspace       used 21182K, committed 21952K, reserved 1114112K
  class space    used 2221K, committed 2560K, reserved 1048576K
}
Event: 16.801 GC heap after
{Heap after GC invocations=10 (full 0):
 garbage-first heap   total 106496K, used 32058K [0x00000000c0000000, 0x0000000100000000)
  region size 1024K, 3 young (3072K), 3 survivors (3072K)
 Metaspace       used 21182K, committed 21952K, reserved 1114112K
  class space    used 2221K, committed 2560K, reserved 1048576K
}
Event: 20.678 GC heap before
{Heap before GC invocations=10 (full 0):
 garbage-first heap   total 106496K, used 79162K [0x00000000c0000000, 0x0000000100000000)
  region size 1024K, 49 young (50176K), 3 survivors (3072K)
 Metaspace       used 21182K, committed 21952K, reserved 1114112K
  class space    used 2221K, committed 2560K, reserved 1048576K
}
Event: 20.682 GC heap after
{Heap after GC invocations=11 (full 0):
 garbage-first heap   total 106496K, used 31724K [0x00000000c0000000, 0x0000000100000000)
  region size 1024K, 3 young (3072K), 3 survivors (3072K)
 Metaspace       used 21182K, committed 21952K, reserved 1114112K
  class space    used 2221K, committed 2560K, reserved 1048576K
}
Event: 22.411 GC heap before
{Heap before GC invocations=11 (full 0):
 garbage-first heap   total 106496K, used 78828K [0x00000000c0000000, 0x0000000100000000)
  region size 1024K, 50 young (51200K), 3 survivors (3072K)
 Metaspace       used 23418K, committed 24256K, reserved 1114112K
  class space    used 2374K, committed 2752K, reserved 1048576K
}
Event: 22.420 GC heap after
{Heap after GC invocations=12 (full 0):
 garbage-first heap   total 106496K, used 38024K [0x00000000c0000000, 0x0000000100000000)
  region size 1024K, 7 young (7168K), 7 survivors (7168K)
 Metaspace       used 23418K, committed 24256K, reserved 1114112K
  class space    used 2374K, committed 2752K, reserved 1048576K
}

